11:17:52.528 INFO - Selenium build info: version: '3.8.1', revision: '6e95a6684b'
11:17:52.529 INFO - Launching a standalone Selenium Server
2018-01-11 11:17:52.852:INFO::main: Logging initialized @1074ms to org.seleniumhq.jetty9.util.log.StdErrLog
11:17:52.913 INFO - Using `new FirefoxOptions()` is preferred to `DesiredCapabilities.firefox()`
11:17:52.934 INFO - Using `new ChromeOptions()` is preferred to `DesiredCapabilities.chrome()`
11:17:52.939 INFO - Using `new EdgeOptions()` is preferred to `DesiredCapabilities.edge()`
11:17:52.940 INFO - Driver class not found: com.opera.core.systems.OperaDriver
11:17:52.940 INFO - Using `new OperaOptions()` is preferred to `DesiredCapabilities.operaBlink()`
11:17:52.941 INFO - Using `new SafariOptions()` is preferred to `DesiredCapabilities.safari()`
11:17:52.942 INFO - Driver class not found: org.openqa.selenium.phantomjs.PhantomJSDriver
11:17:53.004 INFO - Driver provider class org.openqa.selenium.ie.InternetExplorerDriver registration is skipped:
 registration capabilities Capabilities {browserName: internet explorer, ensureCleanSession: true, platform: WINDOWS, version: } does not match the current platform MAC
11:17:53.004 INFO - Driver provider class org.openqa.selenium.edge.EdgeDriver registration is skipped:
 registration capabilities Capabilities {browserName: MicrosoftEdge, platform: WINDOWS, version: } does not match the current platform MAC
11:17:53.081 INFO - Using `new ChromeOptions()` is preferred to `DesiredCapabilities.chrome()`
11:17:53.082 INFO - Using `new EdgeOptions()` is preferred to `DesiredCapabilities.edge()`
11:17:53.082 INFO - Using `new FirefoxOptions()` is preferred to `DesiredCapabilities.firefox()`
11:17:53.083 INFO - Using `new OperaOptions()` is preferred to `DesiredCapabilities.operaBlink()`
11:17:53.083 INFO - Using `new SafariOptions()` is preferred to `DesiredCapabilities.safari()`
11:17:53.097 INFO - Using the passthrough mode handler
2018-01-11 11:17:53.145:INFO:osjs.Server:main: jetty-9.4.7.v20170914
2018-01-11 11:17:53.176:WARN:osjs.SecurityHandler:main: ServletContext@o.s.j.s.ServletContextHandler@268f106e{/,null,STARTING} has uncovered http methods for path: /
2018-01-11 11:17:53.183:INFO:osjsh.ContextHandler:main: Started o.s.j.s.ServletContextHandler@268f106e{/,null,AVAILABLE}
2018-01-11 11:17:53.280:INFO:osjs.AbstractConnector:main: Started ServerConnector@210ab13f{HTTP/1.1,[http/1.1]}{0.0.0.0:4444}
2018-01-11 11:17:53.281:INFO:osjs.Server:main: Started @1504ms
11:17:53.281 INFO - Selenium Server is up and running
2018-01-11 11:17:53.544:INFO:osjshC.ROOT:qtp1332668132-14: org.openqa.selenium.remote.server.WebDriverServlet-55634720: Initialising WebDriverServlet
11:17:53.624 INFO - Found handler: org.openqa.selenium.remote.server.commandhandler.BeginSession@18dc23c7
11:17:53.629 INFO - /session: Executing POST on /session (handler: BeginSession)
11:17:53.699 INFO - Capabilities are: Capabilities {acceptSslCerts: true, browserName: chrome, javascriptEnabled: true, name: Admin}
11:17:53.701 INFO - Capabilities {acceptSslCerts: true, browserName: chrome, javascriptEnabled: true, name: Admin} matched class org.openqa.selenium.remote.server.ServicedSession$Factory (provider: org.openqa.selenium.chrome.ChromeDriverService)
Starting ChromeDriver 2.34.522932 (4140ab217e1ca1bec0c4b4d1b148f3361eb3a03e) on port 8242
Only local connections are allowed.
11:17:55.138 INFO - Detected dialect: OSS
11:17:55.554 INFO - Found handler: org.openqa.selenium.remote.server.ServicedSession@485b13b0
11:17:55.555 INFO - Handler thread for session b3fd2d711555c9bf1f525a7f3c8b5bad (chrome): Executing POST on /session/b3fd2d711555c9bf1f525a7f3c8b5bad/url (handler: ServicedSession)
11:17:55.557 INFO - To upstream: {"url":"http://localhost:8081"}
11:17:57.762 INFO - To downstream: {"sessionId":"b3fd2d711555c9bf1f525a7f3c8b5bad","status":0,"value":null}
11:17:57.767 INFO - Found handler: org.openqa.selenium.remote.server.ServicedSession@485b13b0
11:17:57.767 INFO - Handler thread for session b3fd2d711555c9bf1f525a7f3c8b5bad (chrome): Executing POST on /session/b3fd2d711555c9bf1f525a7f3c8b5bad/elements (handler: ServicedSession)
11:17:57.768 INFO - To upstream: {"using":"css selector","value":"body"}
11:17:57.788 INFO - To downstream: {"sessionId":"b3fd2d711555c9bf1f525a7f3c8b5bad","status":0,"value":[{"ELEMENT":"0.5158714228639532-1"}]}
11:17:57.792 INFO - Found handler: org.openqa.selenium.remote.server.ServicedSession@485b13b0
11:17:57.792 INFO - Handler thread for session b3fd2d711555c9bf1f525a7f3c8b5bad (chrome): Executing GET on /session/b3fd2d711555c9bf1f525a7f3c8b5bad/element/0.5158714228639532-1/displayed (handler: ServicedSession)
11:17:57.802 INFO - To downstream: {"sessionId":"b3fd2d711555c9bf1f525a7f3c8b5bad","status":0,"value":true}
11:17:57.807 INFO - Found handler: org.openqa.selenium.remote.server.ServicedSession@485b13b0
11:17:57.807 INFO - Handler thread for session b3fd2d711555c9bf1f525a7f3c8b5bad (chrome): Executing POST on /session/b3fd2d711555c9bf1f525a7f3c8b5bad/elements (handler: ServicedSession)
11:17:57.809 INFO - To upstream: {"using":"css selector","value":"button[name=getStarted]"}
11:17:57.823 INFO - To downstream: {"sessionId":"b3fd2d711555c9bf1f525a7f3c8b5bad","status":0,"value":[{"ELEMENT":"0.5158714228639532-2"}]}
11:17:57.828 INFO - Found handler: org.openqa.selenium.remote.server.ServicedSession@485b13b0
11:17:57.828 INFO - Handler thread for session b3fd2d711555c9bf1f525a7f3c8b5bad (chrome): Executing GET on /session/b3fd2d711555c9bf1f525a7f3c8b5bad/element/0.5158714228639532-2/displayed (handler: ServicedSession)
11:17:57.840 INFO - To downstream: {"sessionId":"b3fd2d711555c9bf1f525a7f3c8b5bad","status":0,"value":true}
11:17:57.846 INFO - Found handler: org.openqa.selenium.remote.server.ServicedSession@485b13b0
11:17:57.847 INFO - Handler thread for session b3fd2d711555c9bf1f525a7f3c8b5bad (chrome): Executing POST on /session/b3fd2d711555c9bf1f525a7f3c8b5bad/element (handler: ServicedSession)
11:17:57.848 INFO - To upstream: {"using":"css selector","value":"button[name=getStarted]"}
11:17:57.870 INFO - To downstream: {"sessionId":"b3fd2d711555c9bf1f525a7f3c8b5bad","status":0,"value":{"ELEMENT":"0.5158714228639532-2"}}
11:17:57.873 INFO - Found handler: org.openqa.selenium.remote.server.ServicedSession@485b13b0
11:17:57.874 INFO - Handler thread for session b3fd2d711555c9bf1f525a7f3c8b5bad (chrome): Executing POST on /session/b3fd2d711555c9bf1f525a7f3c8b5bad/element/0.5158714228639532-2/click (handler: ServicedSession)
11:17:57.875 INFO - To upstream: 
11:17:58.469 INFO - To downstream: {"sessionId":"b3fd2d711555c9bf1f525a7f3c8b5bad","status":0,"value":null}
11:17:59.480 INFO - Found handler: org.openqa.selenium.remote.server.ServicedSession@485b13b0
11:17:59.481 INFO - Handler thread for session b3fd2d711555c9bf1f525a7f3c8b5bad (chrome): Executing POST on /session/b3fd2d711555c9bf1f525a7f3c8b5bad/element (handler: ServicedSession)
11:17:59.482 INFO - To upstream: {"using":"css selector","value":"input[type=email]"}
11:17:59.495 INFO - To downstream: {"sessionId":"b3fd2d711555c9bf1f525a7f3c8b5bad","status":0,"value":{"ELEMENT":"0.5158714228639532-3"}}
11:17:59.498 INFO - Found handler: org.openqa.selenium.remote.server.ServicedSession@485b13b0
11:17:59.498 INFO - Handler thread for session b3fd2d711555c9bf1f525a7f3c8b5bad (chrome): Executing POST on /session/b3fd2d711555c9bf1f525a7f3c8b5bad/element/0.5158714228639532-3/value (handler: ServicedSession)
11:17:59.499 INFO - To upstream: {"value":["a","d","m","i","n","@","h","e","l","l","o","b","o","o","k","s",".","c","o","m"]}
11:17:59.638 INFO - To downstream: {"sessionId":"b3fd2d711555c9bf1f525a7f3c8b5bad","status":0,"value":null}
11:18:00.645 INFO - Found handler: org.openqa.selenium.remote.server.ServicedSession@485b13b0
11:18:00.645 INFO - Handler thread for session b3fd2d711555c9bf1f525a7f3c8b5bad (chrome): Executing POST on /session/b3fd2d711555c9bf1f525a7f3c8b5bad/element (handler: ServicedSession)
11:18:00.647 INFO - To upstream: {"using":"css selector","value":"input[type=password]"}
11:18:00.657 INFO - To downstream: {"sessionId":"b3fd2d711555c9bf1f525a7f3c8b5bad","status":0,"value":{"ELEMENT":"0.5158714228639532-4"}}
11:18:00.662 INFO - Found handler: org.openqa.selenium.remote.server.ServicedSession@485b13b0
11:18:00.662 INFO - Handler thread for session b3fd2d711555c9bf1f525a7f3c8b5bad (chrome): Executing POST on /session/b3fd2d711555c9bf1f525a7f3c8b5bad/element/0.5158714228639532-4/value (handler: ServicedSession)
11:18:00.663 INFO - To upstream: {"value":["s","i","l","v","e","r"]}
11:18:00.724 INFO - To downstream: {"sessionId":"b3fd2d711555c9bf1f525a7f3c8b5bad","status":0,"value":null}
11:18:01.731 INFO - Found handler: org.openqa.selenium.remote.server.ServicedSession@485b13b0
11:18:01.732 INFO - Handler thread for session b3fd2d711555c9bf1f525a7f3c8b5bad (chrome): Executing POST on /session/b3fd2d711555c9bf1f525a7f3c8b5bad/element (handler: ServicedSession)
11:18:01.733 INFO - To upstream: {"using":"css selector","value":"button[name=signin]"}
11:18:01.744 INFO - To downstream: {"sessionId":"b3fd2d711555c9bf1f525a7f3c8b5bad","status":0,"value":{"ELEMENT":"0.5158714228639532-5"}}
11:18:01.747 INFO - Found handler: org.openqa.selenium.remote.server.ServicedSession@485b13b0
11:18:01.748 INFO - Handler thread for session b3fd2d711555c9bf1f525a7f3c8b5bad (chrome): Executing POST on /session/b3fd2d711555c9bf1f525a7f3c8b5bad/element/0.5158714228639532-5/click (handler: ServicedSession)
11:18:01.749 INFO - To upstream: 
11:18:01.785 INFO - To downstream: {"sessionId":"b3fd2d711555c9bf1f525a7f3c8b5bad","status":0,"value":null}
11:18:02.789 INFO - Found handler: org.openqa.selenium.remote.server.ServicedSession@485b13b0
11:18:02.789 INFO - Handler thread for session b3fd2d711555c9bf1f525a7f3c8b5bad (chrome): Executing POST on /session/b3fd2d711555c9bf1f525a7f3c8b5bad/elements (handler: ServicedSession)
11:18:02.790 INFO - To upstream: {"using":"css selector","value":"i.material-icons"}
11:18:02.799 INFO - To downstream: {"sessionId":"b3fd2d711555c9bf1f525a7f3c8b5bad","status":0,"value":[{"ELEMENT":"0.5158714228639532-6"}]}
11:18:02.802 INFO - Found handler: org.openqa.selenium.remote.server.ServicedSession@485b13b0
11:18:02.802 INFO - Handler thread for session b3fd2d711555c9bf1f525a7f3c8b5bad (chrome): Executing GET on /session/b3fd2d711555c9bf1f525a7f3c8b5bad/element/0.5158714228639532-6/displayed (handler: ServicedSession)
11:18:02.814 INFO - To downstream: {"sessionId":"b3fd2d711555c9bf1f525a7f3c8b5bad","status":0,"value":true}
11:18:02.818 INFO - Found handler: org.openqa.selenium.remote.server.ServicedSession@485b13b0
11:18:02.819 INFO - Handler thread for session b3fd2d711555c9bf1f525a7f3c8b5bad (chrome): Executing POST on /session/b3fd2d711555c9bf1f525a7f3c8b5bad/element (handler: ServicedSession)
11:18:02.820 INFO - To upstream: {"using":"css selector","value":"i.material-icons"}
11:18:02.831 INFO - To downstream: {"sessionId":"b3fd2d711555c9bf1f525a7f3c8b5bad","status":0,"value":{"ELEMENT":"0.5158714228639532-6"}}
11:18:02.834 INFO - Found handler: org.openqa.selenium.remote.server.ServicedSession@485b13b0
11:18:02.834 INFO - Handler thread for session b3fd2d711555c9bf1f525a7f3c8b5bad (chrome): Executing POST on /session/b3fd2d711555c9bf1f525a7f3c8b5bad/element/0.5158714228639532-6/click (handler: ServicedSession)
11:18:02.835 INFO - To upstream: 
11:18:02.868 INFO - To downstream: {"sessionId":"b3fd2d711555c9bf1f525a7f3c8b5bad","status":0,"value":null}
11:18:03.873 INFO - Found handler: org.openqa.selenium.remote.server.ServicedSession@485b13b0
11:18:03.873 INFO - Handler thread for session b3fd2d711555c9bf1f525a7f3c8b5bad (chrome): Executing POST on /session/b3fd2d711555c9bf1f525a7f3c8b5bad/elements (handler: ServicedSession)
11:18:03.875 INFO - To upstream: {"using":"css selector","value":"a[name=uploadBook]"}
11:18:03.887 INFO - To downstream: {"sessionId":"b3fd2d711555c9bf1f525a7f3c8b5bad","status":0,"value":[{"ELEMENT":"0.5158714228639532-7"}]}
11:18:03.890 INFO - Found handler: org.openqa.selenium.remote.server.ServicedSession@485b13b0
11:18:03.890 INFO - Handler thread for session b3fd2d711555c9bf1f525a7f3c8b5bad (chrome): Executing GET on /session/b3fd2d711555c9bf1f525a7f3c8b5bad/element/0.5158714228639532-7/displayed (handler: ServicedSession)
11:18:03.903 INFO - To downstream: {"sessionId":"b3fd2d711555c9bf1f525a7f3c8b5bad","status":0,"value":true}
11:18:03.906 INFO - Found handler: org.openqa.selenium.remote.server.ServicedSession@485b13b0
11:18:03.906 INFO - Handler thread for session b3fd2d711555c9bf1f525a7f3c8b5bad (chrome): Executing POST on /session/b3fd2d711555c9bf1f525a7f3c8b5bad/element (handler: ServicedSession)
11:18:03.907 INFO - To upstream: {"using":"css selector","value":"a[name=uploadBook]"}
11:18:03.920 INFO - To downstream: {"sessionId":"b3fd2d711555c9bf1f525a7f3c8b5bad","status":0,"value":{"ELEMENT":"0.5158714228639532-7"}}
11:18:03.922 INFO - Found handler: org.openqa.selenium.remote.server.ServicedSession@485b13b0
11:18:03.923 INFO - Handler thread for session b3fd2d711555c9bf1f525a7f3c8b5bad (chrome): Executing POST on /session/b3fd2d711555c9bf1f525a7f3c8b5bad/element/0.5158714228639532-7/click (handler: ServicedSession)
11:18:03.924 INFO - To upstream: 
11:18:03.983 INFO - To downstream: {"sessionId":"b3fd2d711555c9bf1f525a7f3c8b5bad","status":0,"value":null}
11:18:04.994 INFO - Found handler: org.openqa.selenium.remote.server.ServicedSession@485b13b0
11:18:04.994 INFO - Handler thread for session b3fd2d711555c9bf1f525a7f3c8b5bad (chrome): Executing POST on /session/b3fd2d711555c9bf1f525a7f3c8b5bad/element (handler: ServicedSession)
11:18:04.995 INFO - To upstream: {"using":"css selector","value":"body"}
11:18:05.007 INFO - To downstream: {"sessionId":"b3fd2d711555c9bf1f525a7f3c8b5bad","status":0,"value":{"ELEMENT":"0.5158714228639532-1"}}
11:18:05.009 INFO - Found handler: org.openqa.selenium.remote.server.ServicedSession@485b13b0
11:18:05.009 INFO - Handler thread for session b3fd2d711555c9bf1f525a7f3c8b5bad (chrome): Executing POST on /session/b3fd2d711555c9bf1f525a7f3c8b5bad/element/0.5158714228639532-1/click (handler: ServicedSession)
11:18:05.010 INFO - To upstream: 
11:18:05.038 INFO - To downstream: {"sessionId":"b3fd2d711555c9bf1f525a7f3c8b5bad","status":0,"value":null}
11:18:06.047 INFO - Found handler: org.openqa.selenium.remote.server.ServicedSession@485b13b0
11:18:06.048 INFO - Handler thread for session b3fd2d711555c9bf1f525a7f3c8b5bad (chrome): Executing POST on /session/b3fd2d711555c9bf1f525a7f3c8b5bad/elements (handler: ServicedSession)
11:18:06.049 INFO - To upstream: {"using":"css selector","value":"input[name=title]"}
11:18:06.060 INFO - To downstream: {"sessionId":"b3fd2d711555c9bf1f525a7f3c8b5bad","status":0,"value":[{"ELEMENT":"0.5158714228639532-8"}]}
11:18:06.063 INFO - Found handler: org.openqa.selenium.remote.server.ServicedSession@485b13b0
11:18:06.064 INFO - Handler thread for session b3fd2d711555c9bf1f525a7f3c8b5bad (chrome): Executing GET on /session/b3fd2d711555c9bf1f525a7f3c8b5bad/element/0.5158714228639532-8/displayed (handler: ServicedSession)
11:18:06.074 INFO - To downstream: {"sessionId":"b3fd2d711555c9bf1f525a7f3c8b5bad","status":0,"value":true}
11:18:06.077 INFO - Found handler: org.openqa.selenium.remote.server.ServicedSession@485b13b0
11:18:06.077 INFO - Handler thread for session b3fd2d711555c9bf1f525a7f3c8b5bad (chrome): Executing POST on /session/b3fd2d711555c9bf1f525a7f3c8b5bad/element (handler: ServicedSession)
11:18:06.078 INFO - To upstream: {"using":"css selector","value":"input[name=title]"}
11:18:06.088 INFO - To downstream: {"sessionId":"b3fd2d711555c9bf1f525a7f3c8b5bad","status":0,"value":{"ELEMENT":"0.5158714228639532-8"}}
11:18:06.090 INFO - Found handler: org.openqa.selenium.remote.server.ServicedSession@485b13b0
11:18:06.090 INFO - Handler thread for session b3fd2d711555c9bf1f525a7f3c8b5bad (chrome): Executing POST on /session/b3fd2d711555c9bf1f525a7f3c8b5bad/element/0.5158714228639532-8/value (handler: ServicedSession)
11:18:06.091 INFO - To upstream: {"value":["t","h","e"," ","b","o","y"," ","f","r","o","m"," ","t","h","e"," ","m","y","s","t","i","c"," ","f","a","l","l","s"]}
11:18:06.241 INFO - To downstream: {"sessionId":"b3fd2d711555c9bf1f525a7f3c8b5bad","status":0,"value":null}
11:18:06.244 INFO - Found handler: org.openqa.selenium.remote.server.ServicedSession@485b13b0
11:18:06.244 INFO - Handler thread for session b3fd2d711555c9bf1f525a7f3c8b5bad (chrome): Executing POST on /session/b3fd2d711555c9bf1f525a7f3c8b5bad/elements (handler: ServicedSession)
11:18:06.246 INFO - To upstream: {"using":"css selector","value":"input[name=author]"}
11:18:06.257 INFO - To downstream: {"sessionId":"b3fd2d711555c9bf1f525a7f3c8b5bad","status":0,"value":[{"ELEMENT":"0.5158714228639532-9"}]}
11:18:06.259 INFO - Found handler: org.openqa.selenium.remote.server.ServicedSession@485b13b0
11:18:06.259 INFO - Handler thread for session b3fd2d711555c9bf1f525a7f3c8b5bad (chrome): Executing GET on /session/b3fd2d711555c9bf1f525a7f3c8b5bad/element/0.5158714228639532-9/displayed (handler: ServicedSession)
11:18:06.270 INFO - To downstream: {"sessionId":"b3fd2d711555c9bf1f525a7f3c8b5bad","status":0,"value":true}
11:18:06.273 INFO - Found handler: org.openqa.selenium.remote.server.ServicedSession@485b13b0
11:18:06.273 INFO - Handler thread for session b3fd2d711555c9bf1f525a7f3c8b5bad (chrome): Executing POST on /session/b3fd2d711555c9bf1f525a7f3c8b5bad/element (handler: ServicedSession)
11:18:06.274 INFO - To upstream: {"using":"css selector","value":"input[name=author]"}
11:18:06.284 INFO - To downstream: {"sessionId":"b3fd2d711555c9bf1f525a7f3c8b5bad","status":0,"value":{"ELEMENT":"0.5158714228639532-9"}}
11:18:06.287 INFO - Found handler: org.openqa.selenium.remote.server.ServicedSession@485b13b0
11:18:06.287 INFO - Handler thread for session b3fd2d711555c9bf1f525a7f3c8b5bad (chrome): Executing POST on /session/b3fd2d711555c9bf1f525a7f3c8b5bad/element/0.5158714228639532-9/value (handler: ServicedSession)
11:18:06.288 INFO - To upstream: {"value":["j","o","n"," ","d","a","b","b","a"]}
11:18:06.345 INFO - To downstream: {"sessionId":"b3fd2d711555c9bf1f525a7f3c8b5bad","status":0,"value":null}
11:18:06.347 INFO - Found handler: org.openqa.selenium.remote.server.ServicedSession@485b13b0
11:18:06.348 INFO - Handler thread for session b3fd2d711555c9bf1f525a7f3c8b5bad (chrome): Executing POST on /session/b3fd2d711555c9bf1f525a7f3c8b5bad/elements (handler: ServicedSession)
11:18:06.348 INFO - To upstream: {"using":"css selector","value":"input[name=description]"}
11:18:06.358 INFO - To downstream: {"sessionId":"b3fd2d711555c9bf1f525a7f3c8b5bad","status":0,"value":[{"ELEMENT":"0.5158714228639532-10"}]}
11:18:06.360 INFO - Found handler: org.openqa.selenium.remote.server.ServicedSession@485b13b0
11:18:06.360 INFO - Handler thread for session b3fd2d711555c9bf1f525a7f3c8b5bad (chrome): Executing GET on /session/b3fd2d711555c9bf1f525a7f3c8b5bad/element/0.5158714228639532-10/displayed (handler: ServicedSession)
11:18:06.371 INFO - To downstream: {"sessionId":"b3fd2d711555c9bf1f525a7f3c8b5bad","status":0,"value":true}
11:18:06.373 INFO - Found handler: org.openqa.selenium.remote.server.ServicedSession@485b13b0
11:18:06.374 INFO - Handler thread for session b3fd2d711555c9bf1f525a7f3c8b5bad (chrome): Executing POST on /session/b3fd2d711555c9bf1f525a7f3c8b5bad/element (handler: ServicedSession)
11:18:06.375 INFO - To upstream: {"using":"css selector","value":"input[name=description]"}
11:18:06.384 INFO - To downstream: {"sessionId":"b3fd2d711555c9bf1f525a7f3c8b5bad","status":0,"value":{"ELEMENT":"0.5158714228639532-10"}}
11:18:06.386 INFO - Found handler: org.openqa.selenium.remote.server.ServicedSession@485b13b0
11:18:06.386 INFO - Handler thread for session b3fd2d711555c9bf1f525a7f3c8b5bad (chrome): Executing POST on /session/b3fd2d711555c9bf1f525a7f3c8b5bad/element/0.5158714228639532-10/value (handler: ServicedSession)
11:18:06.387 INFO - To upstream: {"value":["t","h","e"," ","m","y","s","t","e","r","i","o","u","s"," ","b","o","y"]}
11:18:06.475 INFO - To downstream: {"sessionId":"b3fd2d711555c9bf1f525a7f3c8b5bad","status":0,"value":null}
11:18:06.477 INFO - Found handler: org.openqa.selenium.remote.server.ServicedSession@485b13b0
11:18:06.477 INFO - Handler thread for session b3fd2d711555c9bf1f525a7f3c8b5bad (chrome): Executing POST on /session/b3fd2d711555c9bf1f525a7f3c8b5bad/elements (handler: ServicedSession)
11:18:06.478 INFO - To upstream: {"using":"css selector","value":"input[name=genre]"}
11:18:06.488 INFO - To downstream: {"sessionId":"b3fd2d711555c9bf1f525a7f3c8b5bad","status":0,"value":[{"ELEMENT":"0.5158714228639532-11"}]}
11:18:06.490 INFO - Found handler: org.openqa.selenium.remote.server.ServicedSession@485b13b0
11:18:06.490 INFO - Handler thread for session b3fd2d711555c9bf1f525a7f3c8b5bad (chrome): Executing GET on /session/b3fd2d711555c9bf1f525a7f3c8b5bad/element/0.5158714228639532-11/displayed (handler: ServicedSession)
11:18:06.500 INFO - To downstream: {"sessionId":"b3fd2d711555c9bf1f525a7f3c8b5bad","status":0,"value":true}
11:18:06.502 INFO - Found handler: org.openqa.selenium.remote.server.ServicedSession@485b13b0
11:18:06.503 INFO - Handler thread for session b3fd2d711555c9bf1f525a7f3c8b5bad (chrome): Executing POST on /session/b3fd2d711555c9bf1f525a7f3c8b5bad/element (handler: ServicedSession)
11:18:06.504 INFO - To upstream: {"using":"css selector","value":"input[name=genre]"}
11:18:06.513 INFO - To downstream: {"sessionId":"b3fd2d711555c9bf1f525a7f3c8b5bad","status":0,"value":{"ELEMENT":"0.5158714228639532-11"}}
11:18:06.515 INFO - Found handler: org.openqa.selenium.remote.server.ServicedSession@485b13b0
11:18:06.515 INFO - Handler thread for session b3fd2d711555c9bf1f525a7f3c8b5bad (chrome): Executing POST on /session/b3fd2d711555c9bf1f525a7f3c8b5bad/element/0.5158714228639532-11/value (handler: ServicedSession)
11:18:06.516 INFO - To upstream: {"value":["s","c","i","f","i"]}
11:18:06.558 INFO - To downstream: {"sessionId":"b3fd2d711555c9bf1f525a7f3c8b5bad","status":0,"value":null}
11:18:06.560 INFO - Found handler: org.openqa.selenium.remote.server.ServicedSession@485b13b0
11:18:06.560 INFO - Handler thread for session b3fd2d711555c9bf1f525a7f3c8b5bad (chrome): Executing POST on /session/b3fd2d711555c9bf1f525a7f3c8b5bad/elements (handler: ServicedSession)
11:18:06.561 INFO - To upstream: {"using":"css selector","value":"input[name=quantity]"}
11:18:06.570 INFO - To downstream: {"sessionId":"b3fd2d711555c9bf1f525a7f3c8b5bad","status":0,"value":[{"ELEMENT":"0.5158714228639532-12"}]}
11:18:06.573 INFO - Found handler: org.openqa.selenium.remote.server.ServicedSession@485b13b0
11:18:06.573 INFO - Handler thread for session b3fd2d711555c9bf1f525a7f3c8b5bad (chrome): Executing GET on /session/b3fd2d711555c9bf1f525a7f3c8b5bad/element/0.5158714228639532-12/displayed (handler: ServicedSession)
11:18:06.583 INFO - To downstream: {"sessionId":"b3fd2d711555c9bf1f525a7f3c8b5bad","status":0,"value":true}
11:18:06.585 INFO - Found handler: org.openqa.selenium.remote.server.ServicedSession@485b13b0
11:18:06.586 INFO - Handler thread for session b3fd2d711555c9bf1f525a7f3c8b5bad (chrome): Executing POST on /session/b3fd2d711555c9bf1f525a7f3c8b5bad/element (handler: ServicedSession)
11:18:06.587 INFO - To upstream: {"using":"css selector","value":"input[name=quantity]"}
11:18:06.596 INFO - To downstream: {"sessionId":"b3fd2d711555c9bf1f525a7f3c8b5bad","status":0,"value":{"ELEMENT":"0.5158714228639532-12"}}
11:18:06.598 INFO - Found handler: org.openqa.selenium.remote.server.ServicedSession@485b13b0
11:18:06.598 INFO - Handler thread for session b3fd2d711555c9bf1f525a7f3c8b5bad (chrome): Executing POST on /session/b3fd2d711555c9bf1f525a7f3c8b5bad/element/0.5158714228639532-12/value (handler: ServicedSession)
11:18:06.599 INFO - To upstream: {"value":["5"]}
11:18:06.629 INFO - To downstream: {"sessionId":"b3fd2d711555c9bf1f525a7f3c8b5bad","status":0,"value":null}
11:18:07.635 INFO - Found handler: org.openqa.selenium.remote.server.ServicedSession@485b13b0
11:18:07.635 INFO - Handler thread for session b3fd2d711555c9bf1f525a7f3c8b5bad (chrome): Executing POST on /session/b3fd2d711555c9bf1f525a7f3c8b5bad/elements (handler: ServicedSession)
11:18:07.636 INFO - To upstream: {"using":"css selector","value":"label[name=pdf]"}
11:18:07.649 INFO - To downstream: {"sessionId":"b3fd2d711555c9bf1f525a7f3c8b5bad","status":0,"value":[{"ELEMENT":"0.5158714228639532-13"}]}
11:18:07.652 INFO - Found handler: org.openqa.selenium.remote.server.ServicedSession@485b13b0
11:18:07.652 INFO - Handler thread for session b3fd2d711555c9bf1f525a7f3c8b5bad (chrome): Executing GET on /session/b3fd2d711555c9bf1f525a7f3c8b5bad/element/0.5158714228639532-13/displayed (handler: ServicedSession)
11:18:07.665 INFO - To downstream: {"sessionId":"b3fd2d711555c9bf1f525a7f3c8b5bad","status":0,"value":true}
11:18:12.669 INFO - Found handler: org.openqa.selenium.remote.server.ServicedSession@485b13b0
11:18:12.669 INFO - Handler thread for session b3fd2d711555c9bf1f525a7f3c8b5bad (chrome): Executing POST on /session/b3fd2d711555c9bf1f525a7f3c8b5bad/element (handler: ServicedSession)
11:18:12.670 INFO - To upstream: {"using":"css selector","value":"i.material-icons"}
11:18:12.677 INFO - To downstream: {"sessionId":"b3fd2d711555c9bf1f525a7f3c8b5bad","status":0,"value":{"ELEMENT":"0.5158714228639532-6"}}
11:18:12.680 INFO - Found handler: org.openqa.selenium.remote.server.ServicedSession@485b13b0
11:18:12.680 INFO - Handler thread for session b3fd2d711555c9bf1f525a7f3c8b5bad (chrome): Executing POST on /session/b3fd2d711555c9bf1f525a7f3c8b5bad/element/0.5158714228639532-6/click (handler: ServicedSession)
11:18:12.681 INFO - To upstream: 
11:18:12.700 INFO - To downstream: {"sessionId":"b3fd2d711555c9bf1f525a7f3c8b5bad","status":0,"value":null}
11:18:13.710 INFO - Found handler: org.openqa.selenium.remote.server.ServicedSession@485b13b0
11:18:13.710 INFO - Handler thread for session b3fd2d711555c9bf1f525a7f3c8b5bad (chrome): Executing POST on /session/b3fd2d711555c9bf1f525a7f3c8b5bad/element (handler: ServicedSession)
11:18:13.711 INFO - To upstream: {"using":"css selector","value":"a[name=allBooks]"}
11:18:13.722 INFO - To downstream: {"sessionId":"b3fd2d711555c9bf1f525a7f3c8b5bad","status":0,"value":{"ELEMENT":"0.5158714228639532-14"}}
11:18:13.724 INFO - Found handler: org.openqa.selenium.remote.server.ServicedSession@485b13b0
11:18:13.724 INFO - Handler thread for session b3fd2d711555c9bf1f525a7f3c8b5bad (chrome): Executing POST on /session/b3fd2d711555c9bf1f525a7f3c8b5bad/element/0.5158714228639532-14/click (handler: ServicedSession)
11:18:13.725 INFO - To upstream: 
11:18:13.774 INFO - To downstream: {"sessionId":"b3fd2d711555c9bf1f525a7f3c8b5bad","status":0,"value":null}
11:18:14.784 INFO - Found handler: org.openqa.selenium.remote.server.ServicedSession@485b13b0
11:18:14.784 INFO - Handler thread for session b3fd2d711555c9bf1f525a7f3c8b5bad (chrome): Executing POST on /session/b3fd2d711555c9bf1f525a7f3c8b5bad/element (handler: ServicedSession)
11:18:14.785 INFO - To upstream: {"using":"css selector","value":"body"}
11:18:14.792 INFO - To downstream: {"sessionId":"b3fd2d711555c9bf1f525a7f3c8b5bad","status":0,"value":{"ELEMENT":"0.5158714228639532-1"}}
11:18:14.795 INFO - Found handler: org.openqa.selenium.remote.server.ServicedSession@485b13b0
11:18:14.795 INFO - Handler thread for session b3fd2d711555c9bf1f525a7f3c8b5bad (chrome): Executing POST on /session/b3fd2d711555c9bf1f525a7f3c8b5bad/element/0.5158714228639532-1/click (handler: ServicedSession)
11:18:14.796 INFO - To upstream: 
11:18:14.813 INFO - To downstream: {"sessionId":"b3fd2d711555c9bf1f525a7f3c8b5bad","status":0,"value":null}
11:18:15.822 INFO - Found handler: org.openqa.selenium.remote.server.ServicedSession@485b13b0
11:18:15.822 INFO - Handler thread for session b3fd2d711555c9bf1f525a7f3c8b5bad (chrome): Executing POST on /session/b3fd2d711555c9bf1f525a7f3c8b5bad/url (handler: ServicedSession)
11:18:15.824 INFO - To upstream: {"url":"http://localhost:8081/single/1"}
11:18:16.544 INFO - To downstream: {"sessionId":"b3fd2d711555c9bf1f525a7f3c8b5bad","status":0,"value":null}
11:18:17.549 INFO - Found handler: org.openqa.selenium.remote.server.ServicedSession@485b13b0
11:18:17.550 INFO - Handler thread for session b3fd2d711555c9bf1f525a7f3c8b5bad (chrome): Executing POST on /session/b3fd2d711555c9bf1f525a7f3c8b5bad/elements (handler: ServicedSession)
11:18:17.551 INFO - To upstream: {"using":"css selector","value":"a[href=\"/edit-book/1\"]"}
11:18:17.563 INFO - To downstream: {"sessionId":"b3fd2d711555c9bf1f525a7f3c8b5bad","status":0,"value":[]}
11:18:18.072 INFO - Found handler: org.openqa.selenium.remote.server.ServicedSession@485b13b0
11:18:18.072 INFO - Handler thread for session b3fd2d711555c9bf1f525a7f3c8b5bad (chrome): Executing POST on /session/b3fd2d711555c9bf1f525a7f3c8b5bad/elements (handler: ServicedSession)
11:18:18.074 INFO - To upstream: {"using":"css selector","value":"a[href=\"/edit-book/1\"]"}
11:18:18.081 INFO - To downstream: {"sessionId":"b3fd2d711555c9bf1f525a7f3c8b5bad","status":0,"value":[]}
11:18:18.586 INFO - Found handler: org.openqa.selenium.remote.server.ServicedSession@485b13b0
11:18:18.586 INFO - Handler thread for session b3fd2d711555c9bf1f525a7f3c8b5bad (chrome): Executing POST on /session/b3fd2d711555c9bf1f525a7f3c8b5bad/elements (handler: ServicedSession)
11:18:18.587 INFO - To upstream: {"using":"css selector","value":"a[href=\"/edit-book/1\"]"}
11:18:18.594 INFO - To downstream: {"sessionId":"b3fd2d711555c9bf1f525a7f3c8b5bad","status":0,"value":[]}
11:18:18.598 INFO - Found handler: org.openqa.selenium.remote.server.ServicedSession@485b13b0
11:18:18.599 INFO - Handler thread for session b3fd2d711555c9bf1f525a7f3c8b5bad (chrome): Executing DELETE on /session/b3fd2d711555c9bf1f525a7f3c8b5bad (handler: ServicedSession)
11:18:18.662 INFO - To downstream: {"sessionId":"b3fd2d711555c9bf1f525a7f3c8b5bad","status":0,"value":null}
11:18:18.665 INFO - Removing session org.openqa.selenium.remote.server.ServicedSession@485b13b0
11:18:18.679 INFO - To downstream: {"sessionId":"","status":0,"value":null}
11:18:18.682 INFO - Found handler: org.openqa.selenium.remote.server.commandhandler.BeginSession@359c670b
11:18:18.682 INFO - /session: Executing POST on /session (handler: BeginSession)
11:18:18.685 INFO - Capabilities are: Capabilities {acceptSslCerts: true, browserName: chrome, javascriptEnabled: true, name: User}
11:18:18.685 INFO - Capabilities {acceptSslCerts: true, browserName: chrome, javascriptEnabled: true, name: User} matched class org.openqa.selenium.remote.server.ServicedSession$Factory (provider: org.openqa.selenium.chrome.ChromeDriverService)
Starting ChromeDriver 2.34.522932 (4140ab217e1ca1bec0c4b4d1b148f3361eb3a03e) on port 29189
Only local connections are allowed.
11:18:19.324 INFO - Detected dialect: OSS
11:18:19.385 INFO - Found handler: org.openqa.selenium.remote.server.ServicedSession@637d83f0
11:18:19.385 INFO - Handler thread for session 8c1f86d5e4b5ee99208d09522d6f1522 (chrome): Executing POST on /session/8c1f86d5e4b5ee99208d09522d6f1522/url (handler: ServicedSession)
11:18:19.386 INFO - To upstream: {"url":"http://localhost:8081"}
11:18:21.505 INFO - To downstream: {"sessionId":"8c1f86d5e4b5ee99208d09522d6f1522","status":0,"value":null}
11:18:21.509 INFO - Found handler: org.openqa.selenium.remote.server.ServicedSession@637d83f0
11:18:21.509 INFO - Handler thread for session 8c1f86d5e4b5ee99208d09522d6f1522 (chrome): Executing POST on /session/8c1f86d5e4b5ee99208d09522d6f1522/elements (handler: ServicedSession)
11:18:21.511 INFO - To upstream: {"using":"css selector","value":"body"}
11:18:21.676 INFO - To downstream: {"sessionId":"8c1f86d5e4b5ee99208d09522d6f1522","status":0,"value":[{"ELEMENT":"0.31309429169118896-1"}]}
11:18:21.680 INFO - Found handler: org.openqa.selenium.remote.server.ServicedSession@637d83f0
11:18:21.680 INFO - Handler thread for session 8c1f86d5e4b5ee99208d09522d6f1522 (chrome): Executing GET on /session/8c1f86d5e4b5ee99208d09522d6f1522/element/0.31309429169118896-1/displayed (handler: ServicedSession)
11:18:21.692 INFO - To downstream: {"sessionId":"8c1f86d5e4b5ee99208d09522d6f1522","status":0,"value":true}
11:18:21.695 INFO - Found handler: org.openqa.selenium.remote.server.ServicedSession@637d83f0
11:18:21.695 INFO - Handler thread for session 8c1f86d5e4b5ee99208d09522d6f1522 (chrome): Executing POST on /session/8c1f86d5e4b5ee99208d09522d6f1522/elements (handler: ServicedSession)
11:18:21.696 INFO - To upstream: {"using":"css selector","value":"button[name=getStarted]"}
11:18:21.709 INFO - To downstream: {"sessionId":"8c1f86d5e4b5ee99208d09522d6f1522","status":0,"value":[{"ELEMENT":"0.31309429169118896-2"}]}
11:18:21.713 INFO - Found handler: org.openqa.selenium.remote.server.ServicedSession@637d83f0
11:18:21.714 INFO - Handler thread for session 8c1f86d5e4b5ee99208d09522d6f1522 (chrome): Executing GET on /session/8c1f86d5e4b5ee99208d09522d6f1522/element/0.31309429169118896-2/displayed (handler: ServicedSession)
11:18:21.731 INFO - To downstream: {"sessionId":"8c1f86d5e4b5ee99208d09522d6f1522","status":0,"value":true}
11:18:21.735 INFO - Found handler: org.openqa.selenium.remote.server.ServicedSession@637d83f0
11:18:21.736 INFO - Handler thread for session 8c1f86d5e4b5ee99208d09522d6f1522 (chrome): Executing POST on /session/8c1f86d5e4b5ee99208d09522d6f1522/element (handler: ServicedSession)
11:18:21.737 INFO - To upstream: {"using":"css selector","value":"button[name=getStarted]"}
11:18:21.747 INFO - To downstream: {"sessionId":"8c1f86d5e4b5ee99208d09522d6f1522","status":0,"value":{"ELEMENT":"0.31309429169118896-2"}}
11:18:21.750 INFO - Found handler: org.openqa.selenium.remote.server.ServicedSession@637d83f0
11:18:21.750 INFO - Handler thread for session 8c1f86d5e4b5ee99208d09522d6f1522 (chrome): Executing POST on /session/8c1f86d5e4b5ee99208d09522d6f1522/element/0.31309429169118896-2/click (handler: ServicedSession)
11:18:21.751 INFO - To upstream: 
11:18:21.801 INFO - To downstream: {"sessionId":"8c1f86d5e4b5ee99208d09522d6f1522","status":0,"value":null}
11:18:22.811 INFO - Found handler: org.openqa.selenium.remote.server.ServicedSession@637d83f0
11:18:22.811 INFO - Handler thread for session 8c1f86d5e4b5ee99208d09522d6f1522 (chrome): Executing POST on /session/8c1f86d5e4b5ee99208d09522d6f1522/element (handler: ServicedSession)
11:18:22.812 INFO - To upstream: {"using":"css selector","value":"input[type=email]"}
11:18:22.824 INFO - To downstream: {"sessionId":"8c1f86d5e4b5ee99208d09522d6f1522","status":0,"value":{"ELEMENT":"0.31309429169118896-3"}}
11:18:22.827 INFO - Found handler: org.openqa.selenium.remote.server.ServicedSession@637d83f0
11:18:22.827 INFO - Handler thread for session 8c1f86d5e4b5ee99208d09522d6f1522 (chrome): Executing POST on /session/8c1f86d5e4b5ee99208d09522d6f1522/element/0.31309429169118896-3/value (handler: ServicedSession)
11:18:22.828 INFO - To upstream: {"value":["t","e","m","i","t","o","p","e",".","e","m","m","a","n","u","e","l","@","a","n","d","e","l","a",".","c","o","m"]}
11:18:23.008 INFO - To downstream: {"sessionId":"8c1f86d5e4b5ee99208d09522d6f1522","status":0,"value":null}
11:18:24.012 INFO - Found handler: org.openqa.selenium.remote.server.ServicedSession@637d83f0
11:18:24.012 INFO - Handler thread for session 8c1f86d5e4b5ee99208d09522d6f1522 (chrome): Executing POST on /session/8c1f86d5e4b5ee99208d09522d6f1522/element (handler: ServicedSession)
11:18:24.015 INFO - To upstream: {"using":"css selector","value":"input[type=password]"}
11:18:24.026 INFO - To downstream: {"sessionId":"8c1f86d5e4b5ee99208d09522d6f1522","status":0,"value":{"ELEMENT":"0.31309429169118896-4"}}
11:18:24.029 INFO - Found handler: org.openqa.selenium.remote.server.ServicedSession@637d83f0
11:18:24.029 INFO - Handler thread for session 8c1f86d5e4b5ee99208d09522d6f1522 (chrome): Executing POST on /session/8c1f86d5e4b5ee99208d09522d6f1522/element/0.31309429169118896-4/value (handler: ServicedSession)
11:18:24.030 INFO - To upstream: {"value":["s","i","l","v","e","r"]}
11:18:24.082 INFO - To downstream: {"sessionId":"8c1f86d5e4b5ee99208d09522d6f1522","status":0,"value":null}
11:18:25.086 INFO - Found handler: org.openqa.selenium.remote.server.ServicedSession@637d83f0
11:18:25.087 INFO - Handler thread for session 8c1f86d5e4b5ee99208d09522d6f1522 (chrome): Executing POST on /session/8c1f86d5e4b5ee99208d09522d6f1522/element (handler: ServicedSession)
11:18:25.089 INFO - To upstream: {"using":"css selector","value":"button[name=signin]"}
11:18:25.100 INFO - To downstream: {"sessionId":"8c1f86d5e4b5ee99208d09522d6f1522","status":0,"value":{"ELEMENT":"0.31309429169118896-5"}}
11:18:25.102 INFO - Found handler: org.openqa.selenium.remote.server.ServicedSession@637d83f0
11:18:25.103 INFO - Handler thread for session 8c1f86d5e4b5ee99208d09522d6f1522 (chrome): Executing POST on /session/8c1f86d5e4b5ee99208d09522d6f1522/element/0.31309429169118896-5/click (handler: ServicedSession)
11:18:25.103 INFO - To upstream: 
11:18:25.139 INFO - To downstream: {"sessionId":"8c1f86d5e4b5ee99208d09522d6f1522","status":0,"value":null}
11:18:26.146 INFO - Found handler: org.openqa.selenium.remote.server.ServicedSession@637d83f0
11:18:26.146 INFO - Handler thread for session 8c1f86d5e4b5ee99208d09522d6f1522 (chrome): Executing POST on /session/8c1f86d5e4b5ee99208d09522d6f1522/url (handler: ServicedSession)
11:18:26.147 INFO - To upstream: {"url":"http://localhost:8081/single/2"}
11:18:26.826 INFO - To downstream: {"sessionId":"8c1f86d5e4b5ee99208d09522d6f1522","status":0,"value":null}
11:18:27.831 INFO - Found handler: org.openqa.selenium.remote.server.ServicedSession@637d83f0
11:18:27.831 INFO - Handler thread for session 8c1f86d5e4b5ee99208d09522d6f1522 (chrome): Executing POST on /session/8c1f86d5e4b5ee99208d09522d6f1522/elements (handler: ServicedSession)
11:18:27.832 INFO - To upstream: {"using":"css selector","value":"button[name=borrow]"}
11:18:27.844 INFO - To downstream: {"sessionId":"8c1f86d5e4b5ee99208d09522d6f1522","status":0,"value":[{"ELEMENT":"0.758573353967525-1"}]}
11:18:27.846 INFO - Found handler: org.openqa.selenium.remote.server.ServicedSession@637d83f0
11:18:27.846 INFO - Handler thread for session 8c1f86d5e4b5ee99208d09522d6f1522 (chrome): Executing GET on /session/8c1f86d5e4b5ee99208d09522d6f1522/element/0.758573353967525-1/displayed (handler: ServicedSession)
11:18:27.856 INFO - To downstream: {"sessionId":"8c1f86d5e4b5ee99208d09522d6f1522","status":0,"value":true}
11:18:28.866 INFO - Found handler: org.openqa.selenium.remote.server.ServicedSession@637d83f0
11:18:28.866 INFO - Handler thread for session 8c1f86d5e4b5ee99208d09522d6f1522 (chrome): Executing POST on /session/8c1f86d5e4b5ee99208d09522d6f1522/element (handler: ServicedSession)
11:18:28.867 INFO - To upstream: {"using":"css selector","value":"button[name=borrow]"}
11:18:28.878 INFO - To downstream: {"sessionId":"8c1f86d5e4b5ee99208d09522d6f1522","status":0,"value":{"ELEMENT":"0.758573353967525-1"}}
11:18:28.881 INFO - Found handler: org.openqa.selenium.remote.server.ServicedSession@637d83f0
11:18:28.881 INFO - Handler thread for session 8c1f86d5e4b5ee99208d09522d6f1522 (chrome): Executing POST on /session/8c1f86d5e4b5ee99208d09522d6f1522/element/0.758573353967525-1/click (handler: ServicedSession)
11:18:28.882 INFO - To upstream: 
11:18:28.917 INFO - To downstream: {"sessionId":"8c1f86d5e4b5ee99208d09522d6f1522","status":0,"value":null}
11:18:29.922 INFO - Found handler: org.openqa.selenium.remote.server.ServicedSession@637d83f0
11:18:29.922 INFO - Handler thread for session 8c1f86d5e4b5ee99208d09522d6f1522 (chrome): Executing POST on /session/8c1f86d5e4b5ee99208d09522d6f1522/elements (handler: ServicedSession)
11:18:29.923 INFO - To upstream: {"using":"css selector","value":"button[name=return]"}
11:18:29.935 INFO - To downstream: {"sessionId":"8c1f86d5e4b5ee99208d09522d6f1522","status":0,"value":[{"ELEMENT":"0.758573353967525-2"}]}
11:18:29.937 INFO - Found handler: org.openqa.selenium.remote.server.ServicedSession@637d83f0
11:18:29.937 INFO - Handler thread for session 8c1f86d5e4b5ee99208d09522d6f1522 (chrome): Executing GET on /session/8c1f86d5e4b5ee99208d09522d6f1522/element/0.758573353967525-2/displayed (handler: ServicedSession)
11:18:29.947 INFO - To downstream: {"sessionId":"8c1f86d5e4b5ee99208d09522d6f1522","status":0,"value":true}
11:18:30.951 INFO - Found handler: org.openqa.selenium.remote.server.ServicedSession@637d83f0
11:18:30.951 INFO - Handler thread for session 8c1f86d5e4b5ee99208d09522d6f1522 (chrome): Executing POST on /session/8c1f86d5e4b5ee99208d09522d6f1522/element (handler: ServicedSession)
11:18:30.952 INFO - To upstream: {"using":"css selector","value":"button[name=return]"}
11:18:30.964 INFO - To downstream: {"sessionId":"8c1f86d5e4b5ee99208d09522d6f1522","status":0,"value":{"ELEMENT":"0.758573353967525-2"}}
11:18:30.967 INFO - Found handler: org.openqa.selenium.remote.server.ServicedSession@637d83f0
11:18:30.967 INFO - Handler thread for session 8c1f86d5e4b5ee99208d09522d6f1522 (chrome): Executing POST on /session/8c1f86d5e4b5ee99208d09522d6f1522/element/0.758573353967525-2/click (handler: ServicedSession)
11:18:30.968 INFO - To upstream: 
11:18:30.997 INFO - To downstream: {"sessionId":"8c1f86d5e4b5ee99208d09522d6f1522","status":0,"value":null}
11:18:32.002 INFO - Found handler: org.openqa.selenium.remote.server.ServicedSession@637d83f0
11:18:32.002 INFO - Handler thread for session 8c1f86d5e4b5ee99208d09522d6f1522 (chrome): Executing POST on /session/8c1f86d5e4b5ee99208d09522d6f1522/element (handler: ServicedSession)
11:18:32.004 INFO - To upstream: {"using":"css selector","value":"a[href=\"/read-book/2\"]"}
11:18:32.015 INFO - To downstream: {"sessionId":"8c1f86d5e4b5ee99208d09522d6f1522","status":0,"value":{"ELEMENT":"0.758573353967525-3"}}
11:18:32.017 INFO - Found handler: org.openqa.selenium.remote.server.ServicedSession@637d83f0
11:18:32.017 INFO - Handler thread for session 8c1f86d5e4b5ee99208d09522d6f1522 (chrome): Executing POST on /session/8c1f86d5e4b5ee99208d09522d6f1522/element/0.758573353967525-3/click (handler: ServicedSession)
11:18:32.018 INFO - To upstream: 
11:18:32.063 INFO - To downstream: {"sessionId":"8c1f86d5e4b5ee99208d09522d6f1522","status":0,"value":null}
11:18:33.070 INFO - Found handler: org.openqa.selenium.remote.server.ServicedSession@637d83f0
11:18:33.071 INFO - Handler thread for session 8c1f86d5e4b5ee99208d09522d6f1522 (chrome): Executing POST on /session/8c1f86d5e4b5ee99208d09522d6f1522/elements (handler: ServicedSession)
11:18:33.072 INFO - To upstream: {"using":"css selector","value":"i.material-icons"}
11:18:33.084 INFO - To downstream: {"sessionId":"8c1f86d5e4b5ee99208d09522d6f1522","status":0,"value":[{"ELEMENT":"0.758573353967525-4"}]}
11:18:33.086 INFO - Found handler: org.openqa.selenium.remote.server.ServicedSession@637d83f0
11:18:33.086 INFO - Handler thread for session 8c1f86d5e4b5ee99208d09522d6f1522 (chrome): Executing GET on /session/8c1f86d5e4b5ee99208d09522d6f1522/element/0.758573353967525-4/displayed (handler: ServicedSession)
11:18:33.096 INFO - To downstream: {"sessionId":"8c1f86d5e4b5ee99208d09522d6f1522","status":0,"value":true}
11:18:33.099 INFO - Found handler: org.openqa.selenium.remote.server.ServicedSession@637d83f0
11:18:33.099 INFO - Handler thread for session 8c1f86d5e4b5ee99208d09522d6f1522 (chrome): Executing POST on /session/8c1f86d5e4b5ee99208d09522d6f1522/element (handler: ServicedSession)
11:18:33.100 INFO - To upstream: {"using":"css selector","value":"i.material-icons"}
11:18:33.110 INFO - To downstream: {"sessionId":"8c1f86d5e4b5ee99208d09522d6f1522","status":0,"value":{"ELEMENT":"0.758573353967525-4"}}
11:18:33.112 INFO - Found handler: org.openqa.selenium.remote.server.ServicedSession@637d83f0
11:18:33.112 INFO - Handler thread for session 8c1f86d5e4b5ee99208d09522d6f1522 (chrome): Executing POST on /session/8c1f86d5e4b5ee99208d09522d6f1522/element/0.758573353967525-4/click (handler: ServicedSession)
11:18:33.113 INFO - To upstream: 
11:18:33.145 INFO - To downstream: {"sessionId":"8c1f86d5e4b5ee99208d09522d6f1522","status":0,"value":null}
11:18:34.153 INFO - Found handler: org.openqa.selenium.remote.server.ServicedSession@637d83f0
11:18:34.153 INFO - Handler thread for session 8c1f86d5e4b5ee99208d09522d6f1522 (chrome): Executing POST on /session/8c1f86d5e4b5ee99208d09522d6f1522/elements (handler: ServicedSession)
11:18:34.154 INFO - To upstream: {"using":"css selector","value":"i.material-icons"}
11:18:34.161 INFO - To downstream: {"sessionId":"8c1f86d5e4b5ee99208d09522d6f1522","status":0,"value":[{"ELEMENT":"0.758573353967525-4"}]}
11:18:34.164 INFO - Found handler: org.openqa.selenium.remote.server.ServicedSession@637d83f0
11:18:34.164 INFO - Handler thread for session 8c1f86d5e4b5ee99208d09522d6f1522 (chrome): Executing GET on /session/8c1f86d5e4b5ee99208d09522d6f1522/element/0.758573353967525-4/displayed (handler: ServicedSession)
11:18:34.170 INFO - To downstream: {"sessionId":"8c1f86d5e4b5ee99208d09522d6f1522","status":0,"value":true}
11:18:35.176 INFO - Found handler: org.openqa.selenium.remote.server.ServicedSession@637d83f0
11:18:35.176 INFO - Handler thread for session 8c1f86d5e4b5ee99208d09522d6f1522 (chrome): Executing POST on /session/8c1f86d5e4b5ee99208d09522d6f1522/element (handler: ServicedSession)
11:18:35.177 INFO - To upstream: {"using":"css selector","value":"a[name=history]"}
11:18:35.189 INFO - To downstream: {"sessionId":"8c1f86d5e4b5ee99208d09522d6f1522","status":0,"value":{"ELEMENT":"0.758573353967525-5"}}
11:18:35.192 INFO - Found handler: org.openqa.selenium.remote.server.ServicedSession@637d83f0
11:18:35.192 INFO - Handler thread for session 8c1f86d5e4b5ee99208d09522d6f1522 (chrome): Executing POST on /session/8c1f86d5e4b5ee99208d09522d6f1522/element/0.758573353967525-5/click (handler: ServicedSession)
11:18:35.193 INFO - To upstream: 
11:18:35.238 INFO - To downstream: {"sessionId":"8c1f86d5e4b5ee99208d09522d6f1522","status":0,"value":null}
11:18:36.245 INFO - Found handler: org.openqa.selenium.remote.server.ServicedSession@637d83f0
11:18:36.246 INFO - Handler thread for session 8c1f86d5e4b5ee99208d09522d6f1522 (chrome): Executing POST on /session/8c1f86d5e4b5ee99208d09522d6f1522/element (handler: ServicedSession)
11:18:36.247 INFO - To upstream: {"using":"css selector","value":"body"}
11:18:36.259 INFO - To downstream: {"sessionId":"8c1f86d5e4b5ee99208d09522d6f1522","status":0,"value":{"ELEMENT":"0.758573353967525-6"}}
11:18:36.261 INFO - Found handler: org.openqa.selenium.remote.server.ServicedSession@637d83f0
11:18:36.261 INFO - Handler thread for session 8c1f86d5e4b5ee99208d09522d6f1522 (chrome): Executing POST on /session/8c1f86d5e4b5ee99208d09522d6f1522/element/0.758573353967525-6/click (handler: ServicedSession)
11:18:36.262 INFO - To upstream: 
11:18:36.291 INFO - To downstream: {"sessionId":"8c1f86d5e4b5ee99208d09522d6f1522","status":0,"value":null}
11:18:37.296 INFO - Found handler: org.openqa.selenium.remote.server.ServicedSession@637d83f0
11:18:37.296 INFO - Handler thread for session 8c1f86d5e4b5ee99208d09522d6f1522 (chrome): Executing POST on /session/8c1f86d5e4b5ee99208d09522d6f1522/element (handler: ServicedSession)
11:18:37.297 INFO - To upstream: {"using":"css selector","value":"i.material-icons"}
11:18:37.305 INFO - To downstream: {"sessionId":"8c1f86d5e4b5ee99208d09522d6f1522","status":0,"value":{"ELEMENT":"0.758573353967525-4"}}
11:18:37.307 INFO - Found handler: org.openqa.selenium.remote.server.ServicedSession@637d83f0
11:18:37.307 INFO - Handler thread for session 8c1f86d5e4b5ee99208d09522d6f1522 (chrome): Executing POST on /session/8c1f86d5e4b5ee99208d09522d6f1522/element/0.758573353967525-4/click (handler: ServicedSession)
11:18:37.308 INFO - To upstream: 
11:18:37.327 INFO - To downstream: {"sessionId":"8c1f86d5e4b5ee99208d09522d6f1522","status":0,"value":null}
11:18:38.333 INFO - Found handler: org.openqa.selenium.remote.server.ServicedSession@637d83f0
11:18:38.333 INFO - Handler thread for session 8c1f86d5e4b5ee99208d09522d6f1522 (chrome): Executing POST on /session/8c1f86d5e4b5ee99208d09522d6f1522/element (handler: ServicedSession)
11:18:38.336 INFO - To upstream: {"using":"css selector","value":"a[name=settings]"}
11:18:38.347 INFO - To downstream: {"sessionId":"8c1f86d5e4b5ee99208d09522d6f1522","status":0,"value":{"ELEMENT":"0.758573353967525-7"}}
11:18:38.349 INFO - Found handler: org.openqa.selenium.remote.server.ServicedSession@637d83f0
11:18:38.349 INFO - Handler thread for session 8c1f86d5e4b5ee99208d09522d6f1522 (chrome): Executing POST on /session/8c1f86d5e4b5ee99208d09522d6f1522/element/0.758573353967525-7/click (handler: ServicedSession)
11:18:38.350 INFO - To upstream: 
11:18:38.395 INFO - To downstream: {"sessionId":"8c1f86d5e4b5ee99208d09522d6f1522","status":0,"value":null}
11:18:39.401 INFO - Found handler: org.openqa.selenium.remote.server.ServicedSession@637d83f0
11:18:39.401 INFO - Handler thread for session 8c1f86d5e4b5ee99208d09522d6f1522 (chrome): Executing POST on /session/8c1f86d5e4b5ee99208d09522d6f1522/element (handler: ServicedSession)
11:18:39.402 INFO - To upstream: {"using":"css selector","value":"body"}
11:18:39.409 INFO - To downstream: {"sessionId":"8c1f86d5e4b5ee99208d09522d6f1522","status":0,"value":{"ELEMENT":"0.758573353967525-6"}}
11:18:39.411 INFO - Found handler: org.openqa.selenium.remote.server.ServicedSession@637d83f0
11:18:39.411 INFO - Handler thread for session 8c1f86d5e4b5ee99208d09522d6f1522 (chrome): Executing POST on /session/8c1f86d5e4b5ee99208d09522d6f1522/element/0.758573353967525-6/click (handler: ServicedSession)
11:18:39.412 INFO - To upstream: 
11:18:39.429 INFO - To downstream: {"sessionId":"8c1f86d5e4b5ee99208d09522d6f1522","status":0,"value":null}
11:18:40.435 INFO - Found handler: org.openqa.selenium.remote.server.ServicedSession@637d83f0
11:18:40.435 INFO - Handler thread for session 8c1f86d5e4b5ee99208d09522d6f1522 (chrome): Executing POST on /session/8c1f86d5e4b5ee99208d09522d6f1522/element (handler: ServicedSession)
11:18:40.436 INFO - To upstream: {"using":"css selector","value":"i.material-icons"}
11:18:40.443 INFO - To downstream: {"sessionId":"8c1f86d5e4b5ee99208d09522d6f1522","status":0,"value":{"ELEMENT":"0.758573353967525-4"}}
11:18:40.446 INFO - Found handler: org.openqa.selenium.remote.server.ServicedSession@637d83f0
11:18:40.446 INFO - Handler thread for session 8c1f86d5e4b5ee99208d09522d6f1522 (chrome): Executing POST on /session/8c1f86d5e4b5ee99208d09522d6f1522/element/0.758573353967525-4/click (handler: ServicedSession)
11:18:40.447 INFO - To upstream: 
11:18:40.465 INFO - To downstream: {"sessionId":"8c1f86d5e4b5ee99208d09522d6f1522","status":0,"value":null}
11:18:41.473 INFO - Found handler: org.openqa.selenium.remote.server.ServicedSession@637d83f0
11:18:41.473 INFO - Handler thread for session 8c1f86d5e4b5ee99208d09522d6f1522 (chrome): Executing POST on /session/8c1f86d5e4b5ee99208d09522d6f1522/element (handler: ServicedSession)
11:18:41.474 INFO - To upstream: {"using":"css selector","value":"a[name=notifications]"}
11:18:41.485 INFO - To downstream: {"sessionId":"8c1f86d5e4b5ee99208d09522d6f1522","status":0,"value":{"ELEMENT":"0.758573353967525-8"}}
11:18:41.488 INFO - Found handler: org.openqa.selenium.remote.server.ServicedSession@637d83f0
11:18:41.488 INFO - Handler thread for session 8c1f86d5e4b5ee99208d09522d6f1522 (chrome): Executing POST on /session/8c1f86d5e4b5ee99208d09522d6f1522/element/0.758573353967525-8/click (handler: ServicedSession)
11:18:41.489 INFO - To upstream: 
11:18:41.530 INFO - To downstream: {"sessionId":"8c1f86d5e4b5ee99208d09522d6f1522","status":0,"value":null}
11:18:42.540 INFO - Found handler: org.openqa.selenium.remote.server.ServicedSession@637d83f0
11:18:42.540 INFO - Handler thread for session 8c1f86d5e4b5ee99208d09522d6f1522 (chrome): Executing POST on /session/8c1f86d5e4b5ee99208d09522d6f1522/elements (handler: ServicedSession)
11:18:42.541 INFO - To upstream: {"using":"css selector","value":"a[name=signout]"}
11:18:42.553 INFO - To downstream: {"sessionId":"8c1f86d5e4b5ee99208d09522d6f1522","status":0,"value":[{"ELEMENT":"0.758573353967525-9"},{"ELEMENT":"0.758573353967525-10"}]}
11:18:42.555 INFO - Found handler: org.openqa.selenium.remote.server.ServicedSession@637d83f0
11:18:42.555 INFO - Handler thread for session 8c1f86d5e4b5ee99208d09522d6f1522 (chrome): Executing GET on /session/8c1f86d5e4b5ee99208d09522d6f1522/element/0.758573353967525-9/displayed (handler: ServicedSession)
11:18:42.566 INFO - To downstream: {"sessionId":"8c1f86d5e4b5ee99208d09522d6f1522","status":0,"value":true}
11:18:42.569 INFO - Found handler: org.openqa.selenium.remote.server.ServicedSession@637d83f0
11:18:42.569 INFO - Handler thread for session 8c1f86d5e4b5ee99208d09522d6f1522 (chrome): Executing POST on /session/8c1f86d5e4b5ee99208d09522d6f1522/element (handler: ServicedSession)
11:18:42.570 INFO - To upstream: {"using":"css selector","value":"a[name=signout]"}
11:18:42.579 INFO - To downstream: {"sessionId":"8c1f86d5e4b5ee99208d09522d6f1522","status":0,"value":{"ELEMENT":"0.758573353967525-9"}}
11:18:42.581 INFO - Found handler: org.openqa.selenium.remote.server.ServicedSession@637d83f0
11:18:42.581 INFO - Handler thread for session 8c1f86d5e4b5ee99208d09522d6f1522 (chrome): Executing POST on /session/8c1f86d5e4b5ee99208d09522d6f1522/element/0.758573353967525-9/click (handler: ServicedSession)
11:18:42.582 INFO - To upstream: 
11:18:42.608 INFO - To downstream: {"sessionId":"8c1f86d5e4b5ee99208d09522d6f1522","status":13,"value":{"message":"unknown error: Element \u003Ca class=\"mdl-navigation__link\" name=\"signout\" href=\"\">...\u003C/a> is not clickable at point (1111, 32). Other element would receive the click: \u003Cdiv class=\"mdl-layout__obfuscator is-visible\">\u003C/div>\n  (Session info: chrome=63.0.3239.132)\n  (Driver info: chromedriver=2.34.522932 (4140ab217e1ca1bec0c4b4d1b148f3361eb3a03e),platform=Mac OS X 10.13.2 x86_64)"}}
11:18:45.616 INFO - Found handler: org.openqa.selenium.remote.server.ServicedSession@637d83f0
11:18:45.617 INFO - Handler thread for session 8c1f86d5e4b5ee99208d09522d6f1522 (chrome): Executing DELETE on /session/8c1f86d5e4b5ee99208d09522d6f1522 (handler: ServicedSession)
11:18:45.677 INFO - To downstream: {"sessionId":"8c1f86d5e4b5ee99208d09522d6f1522","status":0,"value":null}
11:18:45.678 INFO - Removing session org.openqa.selenium.remote.server.ServicedSession@637d83f0
11:18:45.692 INFO - To downstream: {"sessionId":"","status":0,"value":null}
